2002.07.15 16:16 B F:\BORES\Web site\courses\files\TriMedia_class_leaflet.pdf --> www.bores.com /public_html/courses/files TriMedia_class_leaflet.pdf
2002.07.18 10:18 B F:\BORES\Web site\courses\files\TriMedia_class_leaflet.pdf --> www.bores.com /public_html/courses/files TriMedia_class_leaflet.pdf
2002.07.18 14:39 B F:\BORES\Web site\courses\files\DSP_class_leaflet.pdf --> www.bores.com /public_html/courses/files DSP_class_leaflet.pdf
2002.07.18 14:40 B F:\BORES\Web site\courses\files\FIR_class_leaflet.pdf --> www.bores.com /public_html/courses/files FIR_class_leaflet.pdf
2002.07.18 14:40 B F:\BORES\Web site\courses\files\IIR_class_leaflet.pdf --> www.bores.com /public_html/courses/files IIR_class_leaflet.pdf
2002.07.18 15:16 B F:\BORES\Web site\courses\files\DSP_class_leaflet.pdf --> www.bores.com /public_html/courses/files DSP_class_leaflet.pdf
2002.07.18 15:16 B F:\BORES\Web site\courses\files\FIR_class_leaflet.pdf --> www.bores.com /public_html/courses/files FIR_class_leaflet.pdf
2002.07.18 15:17 B F:\BORES\Web site\courses\files\IIR_class_leaflet.pdf --> www.bores.com /public_html/courses/files IIR_class_leaflet.pdf
2002.07.18 15:17 B F:\BORES\Web site\courses\files\TriMedia_class_leaflet.pdf --> www.bores.com /public_html/courses/files TriMedia_class_leaflet.pdf
2002.10.22 13:00 B S:\Web site\courses\files\DSP_foundation.pdf --> www.bores.com /public_html/courses/files DSP_foundation.pdf
2002.10.22 13:01 B S:\Web site\courses\files\FIR_filters.pdf --> www.bores.com /public_html/courses/files FIR_filters.pdf
2002.10.22 13:01 B S:\Web site\courses\files\IIR_filters.pdf --> www.bores.com /public_html/courses/files IIR_filters.pdf
2002.10.22 13:01 B S:\Web site\courses\files\Introduction_to_DSP.pdf --> www.bores.com /public_html/courses/files Introduction_to_DSP.pdf
2002.10.22 13:02 B S:\Web site\courses\files\Introduction_to_TriMedia.pdf --> www.bores.com /public_html/courses/files Introduction_to_TriMedia.pdf
2002.10.22 13:02 B S:\Web site\courses\files\TriMedia_cache.pdf --> www.bores.com /public_html/courses/files TriMedia_cache.pdf
2002.10.22 13:03 B S:\Web site\courses\files\TriMedia_core.pdf --> www.bores.com /public_html/courses/files TriMedia_core.pdf
2002.10.22 13:03 B S:\Web site\courses\files\TriMedia_foundation.pdf --> www.bores.com /public_html/courses/files TriMedia_foundation.pdf
2002.10.22 13:05 B S:\Web site\courses\files\TriMedia_optimization.pdf --> www.bores.com /public_html/courses/files TriMedia_optimization.pdf
2002.10.22 13:05 B S:\Web site\courses\files\TriMedia_peripherals.pdf --> www.bores.com /public_html/courses/files TriMedia_peripherals.pdf
2002.10.22 13:05 B S:\Web site\courses\files\TriMedia_TSA.pdf --> www.bores.com /public_html/courses/files TriMedia_TSA.pdf
2002.10.23 11:02 B S:\Web site\courses\files\IIR_filters.pdf --> www.bores.com /public_html/courses/files IIR_filters.pdf
2002.10.28 18:16 B S:\Web site\courses\files\Introduction_to_TriMedia.pdf --> www.bores.com /public_html/courses/files Introduction_to_TriMedia.pdf
2002.10.28 18:22 B S:\Web site\courses\files\TriMedia_foundation.pdf --> www.bores.com /public_html/courses/files TriMedia_foundation.pdf
2002.10.28 18:25 B S:\Web site\courses\files\TriMedia_core.pdf --> www.bores.com /public_html/courses/files TriMedia_core.pdf
2002.10.28 18:39 B S:\Web site\courses\files\TriMedia_cache.pdf --> www.bores.com /public_html/courses/files TriMedia_cache.pdf
2002.10.28 18:45 B S:\Web site\courses\files\TriMedia_optimization.pdf --> www.bores.com /public_html/courses/files TriMedia_optimization.pdf
2002.10.28 18:48 B S:\Web site\courses\files\TriMedia_peripherals.pdf --> www.bores.com /public_html/courses/files TriMedia_peripherals.pdf
2002.10.28 18:50 B S:\Web site\courses\files\TriMedia_TSA.pdf --> www.bores.com /public_html/courses/files TriMedia_TSA.pdf
2002.10.28 19:35 B S:\Web site\courses\files\DSP_foundation.pdf --> www.bores.com /public_html/courses/files DSP_foundation.pdf
2002.10.28 19:42 B S:\Web site\courses\files\Introduction_to_DSP.pdf --> www.bores.com /public_html/courses/files Introduction_to_DSP.pdf
2002.10.28 19:46 B S:\Web site\courses\files\Introduction_to_DSP.pdf --> www.bores.com /public_html/courses/files Introduction_to_DSP.pdf
2002.10.28 19:49 B S:\Web site\courses\files\FIR_filters.pdf --> www.bores.com /public_html/courses/files FIR_filters.pdf
2002.10.28 19:54 B S:\Web site\courses\files\IIR_filters.pdf --> www.bores.com /public_html/courses/files IIR_filters.pdf
2002.11.18 19:51 B S:\Web site\courses\files\DSP563xx_core.pdf --> www.bores.com /public_html/courses/files DSP563xx_core.pdf
2003.02.10 15:04 B S:\Web site\courses\files\TriMedia_classes.pdf --> www.bores.com /public_html/courses TriMedia_classes.pdf
2003.02.10 15:07 B S:\Web site\courses\files\TriMedia_classes.pdf --> www.bores.com /public_html/courses/files TriMedia_classes.pdf
2003.02.10 15:16 B S:\Web site\courses\files\TriMedia_classes.pdf --> www.bores.com /public_html/courses/files TriMedia_classes.pdf
2003.02.16 10:09 B S:\Web site\courses\files\TriMedia_foundation.pdf --> www.bores.com /public_html/courses/files TriMedia_foundation.pdf
2003.02.16 10:10 B S:\Web site\courses\files\TriMedia_peripherals.pdf --> www.bores.com /public_html/courses/files TriMedia_peripherals.pdf
2003.02.16 10:20 B S:\Web site\courses\files\TriMedia_foundation.pdf --> www.bores.com /public_html/courses/files TriMedia_foundation.pdf
2003.03.05 16:36 B S:\Web site\courses\files\TriMedia_classes.pdf --> www.bores.com /public_html/courses/files TriMedia_classes.pdf
2003.03.05 16:42 B S:\Web site\courses\files\TriMedia_classes.pdf --> www.bores.com /public_html/courses/files TriMedia_classes.pdf
2003.03.07 09:05 B S:\Web site\courses\files\TriMedia_classes.pdf --> www.bores.com /public_html/courses/files TriMedia_classes.pdf
2003.08.13 13:37 B W:\courses\files\TriMedia_classes.pdf --> www.bores.com /public_html/courses/files TriMedia_classes.pdf
2003.08.15 13:15 B W:\courses\files\BORES_class_booking_form.pdf --> www.bores.com /public_html/courses/files BORES_class_booking_form.pdf
2003.08.26 20:57 B W:\courses\files\TriMedia_core.pdf --> www.bores.com /public_html/courses/files TriMedia_core.pdf
2003.08.26 20:57 B W:\courses\files\TriMedia_foundation.pdf --> www.bores.com /public_html/courses/files TriMedia_foundation.pdf
2003.08.26 20:58 B W:\courses\files\TriMedia_optimization.pdf --> www.bores.com /public_html/courses/files TriMedia_optimization.pdf
2003.08.26 20:58 B W:\courses\files\TriMedia_peripherals.pdf --> www.bores.com /public_html/courses/files TriMedia_peripherals.pdf
2003.08.26 20:58 B W:\courses\files\TriMedia_TSA.pdf --> www.bores.com /public_html/courses/files TriMedia_TSA.pdf
2003.08.29 17:11 B W:\courses\files\TriMedia_classes.pdf --> www.bores.com /public_html/courses/files TriMedia_classes.pdf
2003.10.06 22:16 B W:\courses\files\TriMedia_TSA.pdf --> www.bores.com /public_html/courses/files TriMedia_TSA.pdf
2003.10.07 10:49 B W:\courses\files\TriMedia_classes.pdf --> www.bores.com /public_html/courses/files TriMedia_classes.pdf
2003.10.09 16:28 B W:\courses\files\TriMedia_TSA.pdf --> www.bores.com /public_html/courses/files TriMedia_TSA.pdf
2003.10.16 18:54 B W:\courses\files\TriMedia_classes.pdf --> www.bores.com /public_html/courses/files TriMedia_classes.pdf
2003.11.15 12:41 B W:\courses\files\TriMedia_classes.pdf --> www.bores.com /public_html/courses/files TriMedia_classes.pdf
2003.12.04 14:42 B W:\courses\files\TriMedia_classes.pdf --> www.bores.com /public_html/courses TriMedia_classes.pdf
2004.01.16 19:33 B W:\courses\files\TriMedia_classes.pdf --> www.bores.com /public_html/courses/files TriMedia_classes.pdf
2004.01.29 11:52 B W:\courses\files\TriMedia_classes.pdf --> www.bores.com /public_html/courses/files TriMedia_classes.pdf
2004.02.09 10:03 B W:\courses\files\TriMedia_classes.pdf --> www.bores.com /public_html/courses/files TriMedia_classes.pdf
2004.02.09 10:24 B W:\courses\files\BORES_class_booking_form.pdf --> www.bores.com /public_html/courses/files BORES_class_booking_form.pdf
2004.02.09 10:26 B W:\courses\files\DSP563xx_core.pdf --> www.bores.com /public_html/courses/files DSP563xx_core.pdf
2004.02.09 10:26 B W:\courses\files\DSP_foundation.pdf --> www.bores.com /public_html/courses/files DSP_foundation.pdf
2004.02.09 10:26 B W:\courses\files\FIR_filters.pdf --> www.bores.com /public_html/courses/files FIR_filters.pdf
2004.02.09 10:26 B W:\courses\files\IIR_filters.pdf --> www.bores.com /public_html/courses/files IIR_filters.pdf
2004.02.09 10:26 B W:\courses\files\Introduction_to_DSP.pdf --> www.bores.com /public_html/courses/files Introduction_to_DSP.pdf
2004.02.09 10:26 B W:\courses\files\Introduction_to_TriMedia.pdf --> www.bores.com /public_html/courses/files Introduction_to_TriMedia.pdf
2004.02.09 10:27 B W:\courses\files\TriMedia_cache.pdf --> www.bores.com /public_html/courses/files TriMedia_cache.pdf
2004.02.09 10:27 B W:\courses\files\TriMedia_classes.pdf --> www.bores.com /public_html/courses/files TriMedia_classes.pdf
2004.02.09 10:27 B W:\courses\files\TriMedia_core.pdf --> www.bores.com /public_html/courses/files TriMedia_core.pdf
2004.02.09 10:28 B W:\courses\files\TriMedia_foundation.pdf --> www.bores.com /public_html/courses/files TriMedia_foundation.pdf
2004.02.09 10:28 B W:\courses\files\TriMedia_optimization.pdf --> www.bores.com /public_html/courses/files TriMedia_optimization.pdf
2004.02.09 10:28 B W:\courses\files\TriMedia_peripherals.pdf --> www.bores.com /public_html/courses/files TriMedia_peripherals.pdf
2004.02.09 10:28 B W:\courses\files\TriMedia_TSA.pdf --> www.bores.com /public_html/courses/files TriMedia_TSA.pdf
2004.02.27 11:57 B W:\courses\files\TriMedia_classes.pdf --> www.bores.com /public_html/courses/files TriMedia_classes.pdf
2004.03.02 13:52 B W:\courses\files\TriMedia_classes.pdf --> www.bores.com /public_html/courses/files TriMedia_classes.pdf
2004.03.16 14:26 B W:\courses\files\TriMedia_evaluation.pdf --> www.bores.com /public_html/courses/files TriMedia_evaluation.pdf
2004.03.18 09:58 B W:\courses\files\TriMedia_classes.pdf --> www.bores.com /public_html/courses/files TriMedia_classes.pdf
2004.03.18 10:03 B W:\courses\files\TriMedia_classes.pdf --> www.bores.com /public_html/courses/files TriMedia_classes.pdf
2004.03.18 11:30 B W:\courses\files\BORES_class_booking_form.pdf --> www.bores.com /public_html/courses/files BORES_class_booking_form.pdf
2004.03.18 11:38 B W:\courses\files\BORES_class_booking_form.pdf --> www.bores.com /public_html/courses/files BORES_class_booking_form.pdf
2004.03.18 11:44 B W:\courses\files\BORES_class_booking_form.pdf --> www.bores.com /public_html/courses/files BORES_class_booking_form.pdf
2004.03.18 11:47 B W:\courses\files\BORES_class_booking_form.pdf --> www.bores.com /public_html/courses/files BORES_class_booking_form.pdf
2004.06.18 10:40 B W:\courses\files\UHAPI_foundation.pdf --> www.bores.com /public_html/courses/files UHAPI_foundation.pdf
2004.09.14 11:27 B W:\courses\files\TriMedia_classes.pdf --> www.bores.com /public_html/courses/files TriMedia_classes.pdf
2004.09.14 11:28 B W:\courses\files\TriMedia_foundation.pdf --> www.bores.com /public_html/courses/files TriMedia_foundation.pdf
2004.09.14 11:28 B W:\courses\files\TriMedia_Foundation_contents.pdf --> www.bores.com /public_html/courses/files TriMedia_Foundation_contents.pdf
2004.09.14 11:28 B W:\courses\files\TriMedia_TSA.pdf --> www.bores.com /public_html/courses/files TriMedia_TSA.pdf
2004.09.14 11:29 B W:\courses\files\UHAPI_foundation.pdf --> www.bores.com /public_html/courses/files UHAPI_foundation.pdf
2004.09.14 11:34 B W:\courses\files\TriMedia_classes.pdf --> www.bores.com /public_html/courses/files TriMedia_classes.pdf
2004.10.21 12:14 B W:\courses\files\TriMedia_optimization.pdf --> www.bores.com /public_html/courses/files TriMedia_optimization.pdf
