2003.02.09 22:10 B S:\Web site\courses\tm_overview\trimedia\gifs\1300io.gif --> www.bores.com /public_html/courses/tm_overview/trimedia/gifs 1300io.gif
2003.02.09 22:10 B S:\Web site\courses\tm_overview\trimedia\gifs\1500io.gif --> www.bores.com /public_html/courses/tm_overview/trimedia/gifs 1500io.gif
2003.02.09 22:10 B S:\Web site\courses\tm_overview\trimedia\gifs\1_markets.gif --> www.bores.com /public_html/courses/tm_overview/trimedia/gifs 1_markets.gif
2003.02.09 22:10 B S:\Web site\courses\tm_overview\trimedia\gifs\2_overview.gif --> www.bores.com /public_html/courses/tm_overview/trimedia/gifs 2_overview.gif
2003.02.09 22:10 B S:\Web site\courses\tm_overview\trimedia\gifs\3_block.gif --> www.bores.com /public_html/courses/tm_overview/trimedia/gifs 3_block.gif
2003.02.09 22:10 B S:\Web site\courses\tm_overview\trimedia\gifs\480x1.gif --> www.bores.com /public_html/courses/tm_overview/trimedia/gifs 480x1.gif
2003.02.09 22:10 B S:\Web site\courses\tm_overview\trimedia\gifs\4_dspcpu.gif --> www.bores.com /public_html/courses/tm_overview/trimedia/gifs 4_dspcpu.gif
2003.02.09 22:11 B S:\Web site\courses\tm_overview\trimedia\gifs\5_compiler.gif --> www.bores.com /public_html/courses/tm_overview/trimedia/gifs 5_compiler.gif
2003.02.09 22:11 B S:\Web site\courses\tm_overview\trimedia\gifs\6_tsa.gif --> www.bores.com /public_html/courses/tm_overview/trimedia/gifs 6_tsa.gif
2003.02.09 22:11 B S:\Web site\courses\tm_overview\trimedia\gifs\7_components.gif --> www.bores.com /public_html/courses/tm_overview/trimedia/gifs 7_components.gif
2003.02.09 22:11 B S:\Web site\courses\tm_overview\trimedia\gifs\8_tools.gif --> www.bores.com /public_html/courses/tm_overview/trimedia/gifs 8_tools.gif
2003.02.09 22:11 B S:\Web site\courses\tm_overview\trimedia\gifs\appliances.jpg --> www.bores.com /public_html/courses/tm_overview/trimedia/gifs appliances.jpg
2003.02.09 22:11 B S:\Web site\courses\tm_overview\trimedia\gifs\applicationbanner.gif --> www.bores.com /public_html/courses/tm_overview/trimedia/gifs applicationbanner.gif
2003.02.09 22:11 B S:\Web site\courses\tm_overview\trimedia\gifs\applications.gif --> www.bores.com /public_html/courses/tm_overview/trimedia/gifs applications.gif
2003.02.09 22:11 B S:\Web site\courses\tm_overview\trimedia\gifs\appslib.jpg --> www.bores.com /public_html/courses/tm_overview/trimedia/gifs appslib.jpg
2003.02.09 22:11 B S:\Web site\courses\tm_overview\trimedia\gifs\avatars.jpg --> www.bores.com /public_html/courses/tm_overview/trimedia/gifs avatars.jpg
2003.02.09 22:11 B S:\Web site\courses\tm_overview\trimedia\gifs\codewarrior.jpg --> www.bores.com /public_html/courses/tm_overview/trimedia/gifs codewarrior.jpg
2003.02.09 22:11 B S:\Web site\courses\tm_overview\trimedia\gifs\compiler.gif --> www.bores.com /public_html/courses/tm_overview/trimedia/gifs compiler.gif
2003.02.09 22:11 B S:\Web site\courses\tm_overview\trimedia\gifs\Composite.jpg --> www.bores.com /public_html/courses/tm_overview/trimedia/gifs Composite.jpg
2003.02.09 22:11 B S:\Web site\courses\tm_overview\trimedia\gifs\cpu.gif --> www.bores.com /public_html/courses/tm_overview/trimedia/gifs cpu.gif
2003.02.09 22:12 B S:\Web site\courses\tm_overview\trimedia\gifs\icp_chroma.jpg --> www.bores.com /public_html/courses/tm_overview/trimedia/gifs icp_chroma.jpg
2003.02.09 22:12 B S:\Web site\courses\tm_overview\trimedia\gifs\Kiosk.jpg --> www.bores.com /public_html/courses/tm_overview/trimedia/gifs Kiosk.jpg
2003.02.09 22:12 B S:\Web site\courses\tm_overview\trimedia\gifs\media.jpg --> www.bores.com /public_html/courses/tm_overview/trimedia/gifs media.jpg
2003.02.09 22:12 B S:\Web site\courses\tm_overview\trimedia\gifs\Medicalpanel.jpg --> www.bores.com /public_html/courses/tm_overview/trimedia/gifs Medicalpanel.jpg
2003.02.09 22:12 B S:\Web site\courses\tm_overview\trimedia\gifs\pda.jpg --> www.bores.com /public_html/courses/tm_overview/trimedia/gifs pda.jpg
2003.02.09 22:12 B S:\Web site\courses\tm_overview\trimedia\gifs\pda2.jpg --> www.bores.com /public_html/courses/tm_overview/trimedia/gifs pda2.jpg
2003.02.09 22:12 B S:\Web site\courses\tm_overview\trimedia\gifs\peripherals.jpg --> www.bores.com /public_html/courses/tm_overview/trimedia/gifs peripherals.jpg
2003.02.09 22:12 B S:\Web site\courses\tm_overview\trimedia\gifs\pnx1500.jpg --> www.bores.com /public_html/courses/tm_overview/trimedia/gifs pnx1500.jpg
2003.02.09 22:12 B S:\Web site\courses\tm_overview\trimedia\gifs\powered.jpg --> www.bores.com /public_html/courses/tm_overview/trimedia/gifs powered.jpg
2003.02.09 22:12 B S:\Web site\courses\tm_overview\trimedia\gifs\previous_button.gif --> www.bores.com /public_html/courses/tm_overview/trimedia/gifs previous_button.gif
2003.02.09 22:12 B S:\Web site\courses\tm_overview\trimedia\gifs\sde.gif --> www.bores.com /public_html/courses/tm_overview/trimedia/gifs sde.gif
2003.02.09 22:12 B S:\Web site\courses\tm_overview\trimedia\gifs\sde_disk.jpg --> www.bores.com /public_html/courses/tm_overview/trimedia/gifs sde_disk.jpg
2003.02.09 22:12 B S:\Web site\courses\tm_overview\trimedia\gifs\soc.gif --> www.bores.com /public_html/courses/tm_overview/trimedia/gifs soc.gif
2003.02.09 22:13 B S:\Web site\courses\tm_overview\trimedia\gifs\technical.gif --> www.bores.com /public_html/courses/tm_overview/trimedia/gifs technical.gif
2003.02.09 22:13 B S:\Web site\courses\tm_overview\trimedia\gifs\tm-1300.jpg --> www.bores.com /public_html/courses/tm_overview/trimedia/gifs tm-1300.jpg
2003.02.09 22:13 B S:\Web site\courses\tm_overview\trimedia\gifs\tmclass.gif --> www.bores.com /public_html/courses/tm_overview/trimedia/gifs tmclass.gif
2003.02.09 22:13 B S:\Web site\courses\tm_overview\trimedia\gifs\tmpuff.jpg --> www.bores.com /public_html/courses/tm_overview/trimedia/gifs tmpuff.jpg
2003.02.09 22:13 B S:\Web site\courses\tm_overview\trimedia\gifs\trimedia.jpg --> www.bores.com /public_html/courses/tm_overview/trimedia/gifs trimedia.jpg
2003.02.09 22:13 B S:\Web site\courses\tm_overview\trimedia\gifs\tsa.gif --> www.bores.com /public_html/courses/tm_overview/trimedia/gifs tsa.gif
2003.02.09 22:13 B S:\Web site\courses\tm_overview\trimedia\gifs\upgradable.jpg --> www.bores.com /public_html/courses/tm_overview/trimedia/gifs upgradable.jpg
2003.02.09 22:13 B S:\Web site\courses\tm_overview\trimedia\gifs\upgradeable.gif --> www.bores.com /public_html/courses/tm_overview/trimedia/gifs upgradeable.gif
2003.02.09 22:13 B S:\Web site\courses\tm_overview\trimedia\gifs\upgradeable.jpg --> www.bores.com /public_html/courses/tm_overview/trimedia/gifs upgradeable.jpg
2003.02.09 22:13 B S:\Web site\courses\tm_overview\trimedia\gifs\videobanner.jpg --> www.bores.com /public_html/courses/tm_overview/trimedia/gifs videobanner.jpg
2003.02.09 22:13 B S:\Web site\courses\tm_overview\trimedia\gifs\vo_CIF.jpg --> www.bores.com /public_html/courses/tm_overview/trimedia/gifs vo_CIF.jpg
2003.02.09 22:13 B S:\Web site\courses\tm_overview\trimedia\gifs\vo_full.jpg --> www.bores.com /public_html/courses/tm_overview/trimedia/gifs vo_full.jpg
2003.02.09 22:13 B S:\Web site\courses\tm_overview\trimedia\gifs\vo_overlay.jpg --> www.bores.com /public_html/courses/tm_overview/trimedia/gifs vo_overlay.jpg
2003.02.09 22:13 B S:\Web site\courses\tm_overview\trimedia\gifs\wallscreens.jpg --> www.bores.com /public_html/courses/tm_overview/trimedia/gifs wallscreens.jpg
