2003.02.06 15:22 B S:\Web site\courses\gifs\buttons.jpg --> www.bores.com /public_html/courses/gifs buttons.jpg
2003.02.06 15:22 B S:\Web site\courses\gifs\copyrite.jpg --> www.bores.com /public_html/courses/gifs copyrite.jpg
2003.02.06 15:23 B S:\Web site\courses\gifs\course_notes.jpg --> www.bores.com /public_html/courses/gifs course_notes.jpg
2003.02.06 15:23 B S:\Web site\courses\gifs\Desktop.ini --> www.bores.com /public_html/courses/gifs Desktop.ini
2003.02.06 15:23 B S:\Web site\courses\gifs\dsp5630x_lecture.jpg --> www.bores.com /public_html/courses/gifs dsp5630x_lecture.jpg
2003.02.06 15:23 B S:\Web site\courses\gifs\dspfir.gif --> www.bores.com /public_html/courses/gifs dspfir.gif
2003.02.06 15:23 B S:\Web site\courses\gifs\dspfoundation.gif --> www.bores.com /public_html/courses/gifs dspfoundation.gif
2003.02.06 15:23 B S:\Web site\courses\gifs\dspiir.gif --> www.bores.com /public_html/courses/gifs dspiir.gif
2003.02.06 15:23 B S:\Web site\courses\gifs\dspintro.gif --> www.bores.com /public_html/courses/gifs dspintro.gif
2003.02.06 15:23 B S:\Web site\courses\gifs\feedback.gif --> www.bores.com /public_html/courses/gifs feedback.gif
2003.02.06 15:23 B S:\Web site\courses\gifs\feedback_single_pie.gif --> www.bores.com /public_html/courses/gifs feedback_single_pie.gif
2003.02.06 15:23 B S:\Web site\courses\gifs\filtws.gif --> www.bores.com /public_html/courses/gifs filtws.gif
2003.02.06 15:23 B S:\Web site\courses\gifs\linked_to_the_world_logo.jpg --> www.bores.com /public_html/courses/gifs linked_to_the_world_logo.jpg
2003.02.06 15:23 B S:\Web site\courses\gifs\Thumbs.db --> www.bores.com /public_html/courses/gifs Thumbs.db
2003.02.06 15:23 B S:\Web site\courses\gifs\tmcache.gif --> www.bores.com /public_html/courses/gifs tmcache.gif
2003.02.06 15:23 B S:\Web site\courses\gifs\tmcore.gif --> www.bores.com /public_html/courses/gifs tmcore.gif
2003.02.06 15:23 B S:\Web site\courses\gifs\tmfoundation.gif --> www.bores.com /public_html/courses/gifs tmfoundation.gif
2003.02.06 15:23 B S:\Web site\courses\gifs\tmintro.gif --> www.bores.com /public_html/courses/gifs tmintro.gif
2003.02.06 15:23 B S:\Web site\courses\gifs\tmoptimising.gif --> www.bores.com /public_html/courses/gifs tmoptimising.gif
2003.02.06 15:23 B S:\Web site\courses\gifs\tmperipheral.gif --> www.bores.com /public_html/courses/gifs tmperipheral.gif
2003.02.06 15:23 B S:\Web site\courses\gifs\tmpuff.jpg --> www.bores.com /public_html/courses/gifs tmpuff.jpg
2003.02.06 15:23 B S:\Web site\courses\gifs\tmTSA.gif --> www.bores.com /public_html/courses/gifs tmTSA.gif
